<?xml version="1.0" encoding="UTF-8"?>
<!-- Generated by org.testng.reporters.JUnitReportReporter -->
<testsuite hostname="LAPTOP-BMAF7UQC" failures="0" tests="6" name="api.test.DDTests" time="14.444" errors="0" timestamp="2024-10-26T16:53:12 IST" skipped="0">
  <testcase classname="api.test.DDTests" name="testPostuser" time="1.428"/>
  <system-out/>
  <testcase classname="api.test.DDTests" name="testPostuser" time="6.329"/>
  <system-out/>
  <testcase classname="api.test.DDTests" name="testPostuser" time="1.758"/>
  <system-out/>
  <testcase classname="api.test.DDTests" name="testDeleteUserByName" time="1.637"/>
  <system-out/>
  <testcase classname="api.test.DDTests" name="testDeleteUserByName" time="1.657"/>
  <system-out/>
  <testcase classname="api.test.DDTests" name="testDeleteUserByName" time="1.635"/>
  <system-out/>
</testsuite> <!-- api.test.DDTests -->
