<?xml version="1.0" encoding="UTF-8"?>
<!-- Generated by org.testng.reporters.JUnitReportReporter -->
<testsuite hostname="LAPTOP-BMAF7UQC" failures="0" tests="4" name="api.test.UserTests" time="12.661" errors="0" timestamp="2024-10-26T17:16:25 IST" skipped="0">
  <testcase classname="api.test.UserTests" name="testPostUser" time="5.141"/>
  <system-out/>
  <testcase classname="api.test.UserTests" name="testGetUserByName" time="1.602"/>
  <system-out/>
  <testcase classname="api.test.UserTests" name="testUpdateUserByName" time="4.385"/>
  <system-out/>
  <testcase classname="api.test.UserTests" name="testDeleteUserByName" time="1.533"/>
  <system-out/>
</testsuite> <!-- api.test.UserTests -->
