<?xml version="1.0" encoding="UTF-8"?>
<!-- Generated by org.testng.reporters.JUnitReportReporter -->
<testsuite hostname="LAPTOP-BMAF7UQC" failures="0" tests="4" name="api.test.UserTests2" time="13.626" errors="0" timestamp="2024-10-26T17:28:45 IST" skipped="0">
  <testcase classname="api.test.UserTests2" name="testPostUser" time="5.671"/>
  <system-out/>
  <testcase classname="api.test.UserTests2" name="testGetUserByName" time="1.628"/>
  <system-out/>
  <testcase classname="api.test.UserTests2" name="testUpdateUserByName" time="3.157"/>
  <system-out/>
  <testcase classname="api.test.UserTests2" name="testDeleteUserByName" time="3.170"/>
  <system-out/>
</testsuite> <!-- api.test.UserTests2 -->
