<?xml version="1.0" encoding="UTF-8"?>
<!-- Generated by org.testng.reporters.JUnitReportReporter -->
<testsuite hostname="LAPTOP-BMAF7UQC" failures="0" tests="4" name="api.test.UserTests2" time="12.177" errors="0" timestamp="2024-10-26T17:44:28 IST" skipped="0">
  <testcase classname="api.test.UserTests2" name="testPostUser" time="5.540"/>
  <system-out/>
  <testcase classname="api.test.UserTests2" name="testGetUserByName" time="1.728"/>
  <system-out/>
  <testcase classname="api.test.UserTests2" name="testUpdateUserByName" time="3.371"/>
  <system-out/>
  <testcase classname="api.test.UserTests2" name="testDeleteUserByName" time="1.538"/>
  <system-out/>
</testsuite> <!-- api.test.UserTests2 -->
